<?xml version="1.0" encoding="UTF-8"?>
<!-- Generated by org.testng.reporters.JUnitXMLReporter -->
<testsuite ignored="0" hostname="Rara" failures="1" tests="1" name="Surefire test" time="80.233" errors="0" timestamp="2025-01-10T20:11:40 WIB">
  <testcase classname="com.test.selenium.TC008_AddToCartTest" name="testAddToCart" time="65.057">
    <failure type="java.lang.AssertionError" message="expected [Success add to cart] but found []">
      <![CDATA[java.lang.AssertionError: expected [Success add to cart] but found []
at com.test.selenium.TC008_AddToCartTest.testAddToCart(TC008_AddToCartTest.java:36)
at java.base/java.util.ArrayList.forEach(ArrayList.java:1597)
... Removed 36 stack frames]]>
    </failure>
  </testcase> <!-- testAddToCart -->
</testsuite> <!-- Surefire test -->
